<?xml version="1.0" encoding="UTF-8"?>
<coverage generated="1669248178322" clover="3.2.0">
  <project timestamp="1669248178322" name="All files">
    <metrics statements="24" coveredstatements="24" conditionals="12" coveredconditionals="9" methods="4" coveredmethods="4" elements="40" coveredelements="37" complexity="0" loc="24" ncloc="24" packages="3" files="6" classes="6">
      <package name="src">
        <metrics statements="4" coveredstatements="4" conditionals="2" coveredconditionals="1" methods="1" coveredmethods="1"/>
        <file name="index.ts" path="/Users/I540783/Desktop/jest-testing/src/index.ts">
          <metrics statements="4" coveredstatements="4" conditionals="2" coveredconditionals="1" methods="1" coveredmethods="1"/>
          <line num="3" count="2" type="cond" truecount="1" falsecount="1"/>
          <line num="5" count="1" type="stmt"/>
          <line num="6" count="1" type="stmt"/>
          <line num="7" count="1" type="stmt"/>
        </file>
      </package>
      <package name="src.core">
        <metrics statements="15" coveredstatements="15" conditionals="8" coveredconditionals="7" methods="2" coveredmethods="2"/>
        <file name="functions.ts" path="/Users/I540783/Desktop/jest-testing/src/core/functions.ts">
          <metrics statements="10" coveredstatements="10" conditionals="6" coveredconditionals="6" methods="1" coveredmethods="1"/>
          <line num="2" count="1" type="stmt"/>
          <line num="3" count="1" type="stmt"/>
          <line num="5" count="13" type="cond" truecount="2" falsecount="0"/>
          <line num="7" count="9" type="stmt"/>
          <line num="10" count="4" type="cond" truecount="4" falsecount="0"/>
          <line num="12" count="1" type="stmt"/>
          <line num="14" count="1" type="stmt"/>
          <line num="16" count="1" type="stmt"/>
          <line num="18" count="1" type="stmt"/>
          <line num="31" count="1" type="stmt"/>
        </file>
        <file name="index.ts" path="/Users/I540783/Desktop/jest-testing/src/core/index.ts">
          <metrics statements="4" coveredstatements="4" conditionals="2" coveredconditionals="1" methods="1" coveredmethods="1"/>
          <line num="3" count="2" type="cond" truecount="1" falsecount="1"/>
          <line num="5" count="1" type="stmt"/>
          <line num="6" count="1" type="stmt"/>
          <line num="7" count="1" type="stmt"/>
        </file>
        <file name="types.ts" path="/Users/I540783/Desktop/jest-testing/src/core/types.ts">
          <metrics statements="1" coveredstatements="1" conditionals="0" coveredconditionals="0" methods="0" coveredmethods="0"/>
          <line num="2" count="1" type="stmt"/>
        </file>
      </package>
      <package name="src.utils">
        <metrics statements="5" coveredstatements="5" conditionals="2" coveredconditionals="1" methods="1" coveredmethods="1"/>
        <file name="checks.ts" path="/Users/I540783/Desktop/jest-testing/src/utils/checks.ts">
          <metrics statements="2" coveredstatements="2" conditionals="0" coveredconditionals="0" methods="0" coveredmethods="0"/>
          <line num="2" count="1" type="stmt"/>
          <line num="7" count="1" type="stmt"/>
        </file>
        <file name="index.ts" path="/Users/I540783/Desktop/jest-testing/src/utils/index.ts">
          <metrics statements="3" coveredstatements="3" conditionals="2" coveredconditionals="1" methods="1" coveredmethods="1"/>
          <line num="3" count="1" type="cond" truecount="1" falsecount="1"/>
          <line num="5" count="1" type="stmt"/>
          <line num="6" count="1" type="stmt"/>
        </file>
      </package>
    </metrics>
  </project>
</coverage>
