TN:
SF:/Users/I540783/Desktop/jest-testing/src/index.ts
FN:2,__export
FNF:1
FNH:1
FNDA:2,__export
DA:3,2
DA:5,1
DA:6,1
DA:7,1
LF:4
LH:4
BRDA:3,0,0,2
BRDA:3,0,1,0
BRF:2
BRH:1
end_of_record
TN:
SF:/Users/I540783/Desktop/jest-testing/src/core/functions.ts
FN:4,evaluate
FNF:1
FNH:1
FNDA:13,evaluate
DA:2,1
DA:3,1
DA:5,13
DA:7,9
DA:10,4
DA:12,1
DA:14,1
DA:16,1
DA:18,1
DA:31,1
LF:10
LH:10
BRDA:5,0,0,9
BRDA:5,0,1,4
BRDA:10,1,0,1
BRDA:10,1,1,1
BRDA:10,1,2,1
BRDA:10,1,3,1
BRF:6
BRH:6
end_of_record
TN:
SF:/Users/I540783/Desktop/jest-testing/src/core/index.ts
FN:2,__export
FNF:1
FNH:1
FNDA:2,__export
DA:3,2
DA:5,1
DA:6,1
DA:7,1
LF:4
LH:4
BRDA:3,0,0,1
BRDA:3,0,1,0
BRF:2
BRH:1
end_of_record
TN:
SF:/Users/I540783/Desktop/jest-testing/src/core/types.ts
FNF:0
FNH:0
DA:2,1
LF:1
LH:1
BRF:0
BRH:0
end_of_record
TN:
SF:/Users/I540783/Desktop/jest-testing/src/utils/checks.ts
FNF:0
FNH:0
DA:2,1
DA:7,1
LF:2
LH:2
BRF:0
BRH:0
end_of_record
TN:
SF:/Users/I540783/Desktop/jest-testing/src/utils/index.ts
FN:2,__export
FNF:1
FNH:1
FNDA:1,__export
DA:3,1
DA:5,1
DA:6,1
LF:3
LH:3
BRDA:3,0,0,1
BRDA:3,0,1,0
BRF:2
BRH:1
end_of_record
